<?xml version="1.0" encoding="UTF-8"?>
<!-- Generated by org.testng.reporters.JUnitReportReporter -->
<testsuite hostname="Piyadasa-PC" failures="0" tests="2" name="seleniumdemo.SeleniumTest" time="11.037" errors="0" timestamp="24 Jul 2019 10:46:34 GMT" skipped="0">
  <testcase classname="seleniumdemo.SeleniumTest" name="test1" time="11.030"/>
  <testcase classname="seleniumdemo.SeleniumTest" name="test2" time="0.007"/>
</testsuite> <!-- seleniumdemo.SeleniumTest -->
