<?xml version="1.0" encoding="UTF-8"?>
<!-- Generated by org.testng.reporters.JUnitReportReporter -->
<testsuite hostname="Piyadasa-PC" failures="0" tests="2" name="seleniumdemo.SeleniumTest" time="152.583" errors="0" timestamp="24 Jul 2019 11:13:48 GMT" skipped="0">
  <testcase classname="seleniumdemo.SeleniumTest" name="test2" time="0.002"/>
  <testcase classname="seleniumdemo.SeleniumTest" name="test1" time="152.581"/>
</testsuite> <!-- seleniumdemo.SeleniumTest -->
